2014-01-03 11:33:28 Error: Fatal Error (1): Call to a member function allow() on a non-object in [/var/www/html/CakeChat/Controller/UsersController.php, line 6]
2014-01-03 11:33:28 Error: [FatalErrorException] Call to a member function allow() on a non-object
Request URL: /CakeChat/Users
Stack Trace:
#0 /vagrant/composer/Vendor/pear-pear.cakephp.org/CakePHP/Cake/Error/ErrorHandler.php(203): ErrorHandler::handleFatalError(1, 'Call to a membe...', '/var/www/html/C...', 6)
#1 [internal function]: ErrorHandler::handleError(1, 'Call to a membe...', '/var/www/html/C...', 6, Array)
#2 /vagrant/composer/Vendor/pear-pear.cakephp.org/CakePHP/Cake/Core/App.php(929): call_user_func('ErrorHandler::h...', 1, 'Call to a membe...', '/var/www/html/C...', 6, Array)
#3 /vagrant/composer/Vendor/pear-pear.cakephp.org/CakePHP/Cake/Core/App.php(902): App::_checkFatalError()
#4 [internal function]: App::shutdown()
#5 {main}
2014-01-03 11:34:12 Error: Fatal Error (1): Call to a member function allow() on a non-object in [/var/www/html/CakeChat/Controller/UsersController.php, line 6]
2014-01-03 11:34:12 Error: [FatalErrorException] Call to a member function allow() on a non-object
Request URL: /CakeChat/Users/add
Stack Trace:
#0 /vagrant/composer/Vendor/pear-pear.cakephp.org/CakePHP/Cake/Error/ErrorHandler.php(203): ErrorHandler::handleFatalError(1, 'Call to a membe...', '/var/www/html/C...', 6)
#1 [internal function]: ErrorHandler::handleError(1, 'Call to a membe...', '/var/www/html/C...', 6, Array)
#2 /vagrant/composer/Vendor/pear-pear.cakephp.org/CakePHP/Cake/Core/App.php(929): call_user_func('ErrorHandler::h...', 1, 'Call to a membe...', '/var/www/html/C...', 6, Array)
#3 /vagrant/composer/Vendor/pear-pear.cakephp.org/CakePHP/Cake/Core/App.php(902): App::_checkFatalError()
#4 [internal function]: App::shutdown()
#5 {main}
2014-01-03 11:34:18 Error: Fatal Error (1): Call to a member function allow() on a non-object in [/var/www/html/CakeChat/Controller/UsersController.php, line 6]
2014-01-03 11:34:18 Error: [FatalErrorException] Call to a member function allow() on a non-object
Request URL: /CakeChat/Users/add
Stack Trace:
#0 /vagrant/composer/Vendor/pear-pear.cakephp.org/CakePHP/Cake/Error/ErrorHandler.php(203): ErrorHandler::handleFatalError(1, 'Call to a membe...', '/var/www/html/C...', 6)
#1 [internal function]: ErrorHandler::handleError(1, 'Call to a membe...', '/var/www/html/C...', 6, Array)
#2 /vagrant/composer/Vendor/pear-pear.cakephp.org/CakePHP/Cake/Core/App.php(929): call_user_func('ErrorHandler::h...', 1, 'Call to a membe...', '/var/www/html/C...', 6, Array)
#3 /vagrant/composer/Vendor/pear-pear.cakephp.org/CakePHP/Cake/Core/App.php(902): App::_checkFatalError()
#4 [internal function]: App::shutdown()
#5 {main}
2014-01-03 11:34:20 Error: Fatal Error (1): Call to a member function allow() on a non-object in [/var/www/html/CakeChat/Controller/UsersController.php, line 6]
2014-01-03 11:34:20 Error: [FatalErrorException] Call to a member function allow() on a non-object
Request URL: /CakeChat/Users/
Stack Trace:
#0 /vagrant/composer/Vendor/pear-pear.cakephp.org/CakePHP/Cake/Error/ErrorHandler.php(203): ErrorHandler::handleFatalError(1, 'Call to a membe...', '/var/www/html/C...', 6)
#1 [internal function]: ErrorHandler::handleError(1, 'Call to a membe...', '/var/www/html/C...', 6, Array)
#2 /vagrant/composer/Vendor/pear-pear.cakephp.org/CakePHP/Cake/Core/App.php(929): call_user_func('ErrorHandler::h...', 1, 'Call to a membe...', '/var/www/html/C...', 6, Array)
#3 /vagrant/composer/Vendor/pear-pear.cakephp.org/CakePHP/Cake/Core/App.php(902): App::_checkFatalError()
#4 [internal function]: App::shutdown()
#5 {main}
2014-01-03 11:34:29 Error: Fatal Error (1): Call to a member function allow() on a non-object in [/var/www/html/CakeChat/Controller/UsersController.php, line 6]
2014-01-03 11:34:29 Error: [FatalErrorException] Call to a member function allow() on a non-object
Request URL: /CakeChat/Users/add
Stack Trace:
#0 /vagrant/composer/Vendor/pear-pear.cakephp.org/CakePHP/Cake/Error/ErrorHandler.php(203): ErrorHandler::handleFatalError(1, 'Call to a membe...', '/var/www/html/C...', 6)
#1 [internal function]: ErrorHandler::handleError(1, 'Call to a membe...', '/var/www/html/C...', 6, Array)
#2 /vagrant/composer/Vendor/pear-pear.cakephp.org/CakePHP/Cake/Core/App.php(929): call_user_func('ErrorHandler::h...', 1, 'Call to a membe...', '/var/www/html/C...', 6, Array)
#3 /vagrant/composer/Vendor/pear-pear.cakephp.org/CakePHP/Cake/Core/App.php(902): App::_checkFatalError()
#4 [internal function]: App::shutdown()
#5 {main}
2014-01-03 11:34:31 Error: Fatal Error (1): Call to a member function allow() on a non-object in [/var/www/html/CakeChat/Controller/UsersController.php, line 6]
2014-01-03 11:34:31 Error: [FatalErrorException] Call to a member function allow() on a non-object
Request URL: /CakeChat/Users/add
Stack Trace:
#0 /vagrant/composer/Vendor/pear-pear.cakephp.org/CakePHP/Cake/Error/ErrorHandler.php(203): ErrorHandler::handleFatalError(1, 'Call to a membe...', '/var/www/html/C...', 6)
#1 [internal function]: ErrorHandler::handleError(1, 'Call to a membe...', '/var/www/html/C...', 6, Array)
#2 /vagrant/composer/Vendor/pear-pear.cakephp.org/CakePHP/Cake/Core/App.php(929): call_user_func('ErrorHandler::h...', 1, 'Call to a membe...', '/var/www/html/C...', 6, Array)
#3 /vagrant/composer/Vendor/pear-pear.cakephp.org/CakePHP/Cake/Core/App.php(902): App::_checkFatalError()
#4 [internal function]: App::shutdown()
#5 {main}
2014-01-03 11:34:32 Error: Fatal Error (1): Call to a member function allow() on a non-object in [/var/www/html/CakeChat/Controller/UsersController.php, line 6]
2014-01-03 11:34:32 Error: [FatalErrorException] Call to a member function allow() on a non-object
Request URL: /CakeChat/Users/add
Stack Trace:
#0 /vagrant/composer/Vendor/pear-pear.cakephp.org/CakePHP/Cake/Error/ErrorHandler.php(203): ErrorHandler::handleFatalError(1, 'Call to a membe...', '/var/www/html/C...', 6)
#1 [internal function]: ErrorHandler::handleError(1, 'Call to a membe...', '/var/www/html/C...', 6, Array)
#2 /vagrant/composer/Vendor/pear-pear.cakephp.org/CakePHP/Cake/Core/App.php(929): call_user_func('ErrorHandler::h...', 1, 'Call to a membe...', '/var/www/html/C...', 6, Array)
#3 /vagrant/composer/Vendor/pear-pear.cakephp.org/CakePHP/Cake/Core/App.php(902): App::_checkFatalError()
#4 [internal function]: App::shutdown()
#5 {main}
2014-01-03 11:34:33 Error: Fatal Error (1): Call to a member function allow() on a non-object in [/var/www/html/CakeChat/Controller/UsersController.php, line 6]
2014-01-03 11:34:33 Error: [FatalErrorException] Call to a member function allow() on a non-object
Request URL: /CakeChat/Users/
Stack Trace:
#0 /vagrant/composer/Vendor/pear-pear.cakephp.org/CakePHP/Cake/Error/ErrorHandler.php(203): ErrorHandler::handleFatalError(1, 'Call to a membe...', '/var/www/html/C...', 6)
#1 [internal function]: ErrorHandler::handleError(1, 'Call to a membe...', '/var/www/html/C...', 6, Array)
#2 /vagrant/composer/Vendor/pear-pear.cakephp.org/CakePHP/Cake/Core/App.php(929): call_user_func('ErrorHandler::h...', 1, 'Call to a membe...', '/var/www/html/C...', 6, Array)
#3 /vagrant/composer/Vendor/pear-pear.cakephp.org/CakePHP/Cake/Core/App.php(902): App::_checkFatalError()
#4 [internal function]: App::shutdown()
#5 {main}
2014-01-03 11:39:26 Error: [MissingTableException] Table users for model User was not found in datasource default.
Exception Attributes: array (
  'table' => 'users',
  'class' => 'User',
  'ds' => 'default',
)
Request URL: /CakeChat/Users/add
Stack Trace:
#0 /vagrant/composer/Vendor/pear-pear.cakephp.org/CakePHP/Cake/Model/Model.php(3496): Model->setSource('users')
#1 /vagrant/composer/Vendor/pear-pear.cakephp.org/CakePHP/Cake/Model/Model.php(1355): Model->getDataSource()
#2 /vagrant/composer/Vendor/pear-pear.cakephp.org/CakePHP/Cake/View/Helper/FormHelper.php(199): Model->schema()
#3 /vagrant/composer/Vendor/pear-pear.cakephp.org/CakePHP/Cake/View/Helper/FormHelper.php(451): FormHelper->_introspectModel('User', 'fields')
#4 /var/www/html/CakeChat/View/Users/add.ctp(2): FormHelper->create('User')
#5 /vagrant/composer/Vendor/pear-pear.cakephp.org/CakePHP/Cake/View/View.php(929): include('/var/www/html/C...')
#6 /vagrant/composer/Vendor/pear-pear.cakephp.org/CakePHP/Cake/View/View.php(891): View->_evaluate('/var/www/html/C...', Array)
#7 /vagrant/composer/Vendor/pear-pear.cakephp.org/CakePHP/Cake/View/View.php(460): View->_render('/var/www/html/C...')
#8 /vagrant/composer/Vendor/pear-pear.cakephp.org/CakePHP/Cake/Controller/Controller.php(952): View->render(NULL, NULL)
#9 /vagrant/composer/Vendor/pear-pear.cakephp.org/CakePHP/Cake/Routing/Dispatcher.php(192): Controller->render()
#10 /vagrant/composer/Vendor/pear-pear.cakephp.org/CakePHP/Cake/Routing/Dispatcher.php(160): Dispatcher->_invoke(Object(UsersController), Object(CakeRequest), Object(CakeResponse))
#11 /var/www/html/CakeChat/webroot/index.php(99): Dispatcher->dispatch(Object(CakeRequest), Object(CakeResponse))
#12 {main}
2014-01-03 11:42:14 Error: [MissingViewException] View file "/var/www/html/CakeChat/View/Users/index.ctp" is missing.
Exception Attributes: array (
  'file' => '/var/www/html/CakeChat/View/Users/index.ctp',
)
Request URL: /CakeChat/Users/
Stack Trace:
#0 /vagrant/composer/Vendor/pear-pear.cakephp.org/CakePHP/Cake/View/View.php(457): View->_getViewFileName(NULL)
#1 /vagrant/composer/Vendor/pear-pear.cakephp.org/CakePHP/Cake/Controller/Controller.php(952): View->render(NULL, NULL)
#2 /vagrant/composer/Vendor/pear-pear.cakephp.org/CakePHP/Cake/Routing/Dispatcher.php(192): Controller->render()
#3 /vagrant/composer/Vendor/pear-pear.cakephp.org/CakePHP/Cake/Routing/Dispatcher.php(160): Dispatcher->_invoke(Object(UsersController), Object(CakeRequest), Object(CakeResponse))
#4 /var/www/html/CakeChat/webroot/index.php(99): Dispatcher->dispatch(Object(CakeRequest), Object(CakeResponse))
#5 {main}
2014-01-03 11:42:15 Error: [MissingActionException] Action UsersController::login() could not be found.
Exception Attributes: array (
  'controller' => 'UsersController',
  'action' => 'login',
)
Request URL: /CakeChat/Users/login
Stack Trace:
#0 /vagrant/composer/Vendor/pear-pear.cakephp.org/CakePHP/Cake/Routing/Dispatcher.php(185): Controller->invokeAction(Object(CakeRequest))
#1 /vagrant/composer/Vendor/pear-pear.cakephp.org/CakePHP/Cake/Routing/Dispatcher.php(160): Dispatcher->_invoke(Object(UsersController), Object(CakeRequest), Object(CakeResponse))
#2 /var/www/html/CakeChat/webroot/index.php(99): Dispatcher->dispatch(Object(CakeRequest), Object(CakeResponse))
#3 {main}
2014-01-03 11:42:19 Error: [MissingActionException] Action UsersController::login() could not be found.
Exception Attributes: array (
  'controller' => 'UsersController',
  'action' => 'login',
)
Request URL: /CakeChat/Users/login
Stack Trace:
#0 /vagrant/composer/Vendor/pear-pear.cakephp.org/CakePHP/Cake/Routing/Dispatcher.php(185): Controller->invokeAction(Object(CakeRequest))
#1 /vagrant/composer/Vendor/pear-pear.cakephp.org/CakePHP/Cake/Routing/Dispatcher.php(160): Dispatcher->_invoke(Object(UsersController), Object(CakeRequest), Object(CakeResponse))
#2 /var/www/html/CakeChat/webroot/index.php(99): Dispatcher->dispatch(Object(CakeRequest), Object(CakeResponse))
#3 {main}
2014-01-03 11:42:21 Error: [MissingActionException] Action UsersController::login() could not be found.
Exception Attributes: array (
  'controller' => 'UsersController',
  'action' => 'login',
)
Request URL: /CakeChat/Users/login
Stack Trace:
#0 /vagrant/composer/Vendor/pear-pear.cakephp.org/CakePHP/Cake/Routing/Dispatcher.php(185): Controller->invokeAction(Object(CakeRequest))
#1 /vagrant/composer/Vendor/pear-pear.cakephp.org/CakePHP/Cake/Routing/Dispatcher.php(160): Dispatcher->_invoke(Object(UsersController), Object(CakeRequest), Object(CakeResponse))
#2 /var/www/html/CakeChat/webroot/index.php(99): Dispatcher->dispatch(Object(CakeRequest), Object(CakeResponse))
#3 {main}
2014-01-03 11:42:21 Error: [MissingViewException] View file "/var/www/html/CakeChat/View/Users/index.ctp" is missing.
Exception Attributes: array (
  'file' => '/var/www/html/CakeChat/View/Users/index.ctp',
)
Request URL: /CakeChat/Users/
Stack Trace:
#0 /vagrant/composer/Vendor/pear-pear.cakephp.org/CakePHP/Cake/View/View.php(457): View->_getViewFileName(NULL)
#1 /vagrant/composer/Vendor/pear-pear.cakephp.org/CakePHP/Cake/Controller/Controller.php(952): View->render(NULL, NULL)
#2 /vagrant/composer/Vendor/pear-pear.cakephp.org/CakePHP/Cake/Routing/Dispatcher.php(192): Controller->render()
#3 /vagrant/composer/Vendor/pear-pear.cakephp.org/CakePHP/Cake/Routing/Dispatcher.php(160): Dispatcher->_invoke(Object(UsersController), Object(CakeRequest), Object(CakeResponse))
#4 /var/www/html/CakeChat/webroot/index.php(99): Dispatcher->dispatch(Object(CakeRequest), Object(CakeResponse))
#5 {main}
2014-01-03 11:46:38 Error: Fatal Error (4): syntax error, unexpected '?>', expecting function (T_FUNCTION) in [/var/www/html/CakeChat/Controller/UsersController.php, line 82]
2014-01-03 11:46:38 Error: [FatalErrorException] syntax error, unexpected '?>', expecting function (T_FUNCTION)
Request URL: /CakeChat/Users/add
Stack Trace:
#0 /vagrant/composer/Vendor/pear-pear.cakephp.org/CakePHP/Cake/Error/ErrorHandler.php(203): ErrorHandler::handleFatalError(4, 'syntax error, u...', '/var/www/html/C...', 82)
#1 [internal function]: ErrorHandler::handleError(4, 'syntax error, u...', '/var/www/html/C...', 82, Array)
#2 /vagrant/composer/Vendor/pear-pear.cakephp.org/CakePHP/Cake/Core/App.php(929): call_user_func('ErrorHandler::h...', 4, 'syntax error, u...', '/var/www/html/C...', 82, Array)
#3 /vagrant/composer/Vendor/pear-pear.cakephp.org/CakePHP/Cake/Core/App.php(902): App::_checkFatalError()
#4 [internal function]: App::shutdown()
#5 {main}
2014-01-03 11:46:39 Error: Fatal Error (4): syntax error, unexpected '?>', expecting function (T_FUNCTION) in [/var/www/html/CakeChat/Controller/UsersController.php, line 82]
2014-01-03 11:46:39 Error: [FatalErrorException] syntax error, unexpected '?>', expecting function (T_FUNCTION)
Request URL: /CakeChat/Users/
Stack Trace:
#0 /vagrant/composer/Vendor/pear-pear.cakephp.org/CakePHP/Cake/Error/ErrorHandler.php(203): ErrorHandler::handleFatalError(4, 'syntax error, u...', '/var/www/html/C...', 82)
#1 [internal function]: ErrorHandler::handleError(4, 'syntax error, u...', '/var/www/html/C...', 82, Array)
#2 /vagrant/composer/Vendor/pear-pear.cakephp.org/CakePHP/Cake/Core/App.php(929): call_user_func('ErrorHandler::h...', 4, 'syntax error, u...', '/var/www/html/C...', 82, Array)
#3 /vagrant/composer/Vendor/pear-pear.cakephp.org/CakePHP/Cake/Core/App.php(902): App::_checkFatalError()
#4 [internal function]: App::shutdown()
#5 {main}
2014-01-03 11:46:39 Error: Fatal Error (4): syntax error, unexpected '?>', expecting function (T_FUNCTION) in [/var/www/html/CakeChat/Controller/UsersController.php, line 82]
2014-01-03 11:46:39 Error: [FatalErrorException] syntax error, unexpected '?>', expecting function (T_FUNCTION)
Request URL: /CakeChat/Users/login
Stack Trace:
#0 /vagrant/composer/Vendor/pear-pear.cakephp.org/CakePHP/Cake/Error/ErrorHandler.php(203): ErrorHandler::handleFatalError(4, 'syntax error, u...', '/var/www/html/C...', 82)
#1 [internal function]: ErrorHandler::handleError(4, 'syntax error, u...', '/var/www/html/C...', 82, Array)
#2 /vagrant/composer/Vendor/pear-pear.cakephp.org/CakePHP/Cake/Core/App.php(929): call_user_func('ErrorHandler::h...', 4, 'syntax error, u...', '/var/www/html/C...', 82, Array)
#3 /vagrant/composer/Vendor/pear-pear.cakephp.org/CakePHP/Cake/Core/App.php(902): App::_checkFatalError()
#4 [internal function]: App::shutdown()
#5 {main}
2014-01-03 12:00:30 Error: [MissingViewException] View file "/var/www/html/CakeChat/View/Users/index.ctp" is missing.
Exception Attributes: array (
  'file' => '/var/www/html/CakeChat/View/Users/index.ctp',
)
Request URL: /CakeChat/users
Stack Trace:
#0 /vagrant/composer/Vendor/pear-pear.cakephp.org/CakePHP/Cake/View/View.php(457): View->_getViewFileName(NULL)
#1 /vagrant/composer/Vendor/pear-pear.cakephp.org/CakePHP/Cake/Controller/Controller.php(952): View->render(NULL, NULL)
#2 /vagrant/composer/Vendor/pear-pear.cakephp.org/CakePHP/Cake/Routing/Dispatcher.php(192): Controller->render()
#3 /vagrant/composer/Vendor/pear-pear.cakephp.org/CakePHP/Cake/Routing/Dispatcher.php(160): Dispatcher->_invoke(Object(UsersController), Object(CakeRequest), Object(CakeResponse))
#4 /var/www/html/CakeChat/webroot/index.php(99): Dispatcher->dispatch(Object(CakeRequest), Object(CakeResponse))
#5 {main}
2014-01-03 12:23:29 Error: Fatal Error (1): Class 'SimplePasswordHasher' not found in [/var/www/html/CakeChat/Model/User.php, line 20]
2014-01-03 12:23:29 Error: [FatalErrorException] Class 'SimplePasswordHasher' not found
Request URL: /CakeChat/users/add
Stack Trace:
#0 /vagrant/composer/Vendor/pear-pear.cakephp.org/CakePHP/Cake/Error/ErrorHandler.php(203): ErrorHandler::handleFatalError(1, 'Class 'SimplePa...', '/var/www/html/C...', 20)
#1 [internal function]: ErrorHandler::handleError(1, 'Class 'SimplePa...', '/var/www/html/C...', 20, Array)
#2 /vagrant/composer/Vendor/pear-pear.cakephp.org/CakePHP/Cake/Core/App.php(929): call_user_func('ErrorHandler::h...', 1, 'Class 'SimplePa...', '/var/www/html/C...', 20, Array)
#3 /vagrant/composer/Vendor/pear-pear.cakephp.org/CakePHP/Cake/Core/App.php(902): App::_checkFatalError()
#4 [internal function]: App::shutdown()
#5 {main}
2014-01-03 12:26:47 Error: Fatal Error (1): Call to undefined function SimplePasswordHasher() in [/var/www/html/CakeChat/Model/User.php, line 20]
2014-01-03 12:26:47 Error: [FatalErrorException] Call to undefined function SimplePasswordHasher()
Request URL: /CakeChat/users/add
Stack Trace:
#0 /vagrant/composer/Vendor/pear-pear.cakephp.org/CakePHP/Cake/Error/ErrorHandler.php(203): ErrorHandler::handleFatalError(1, 'Call to undefin...', '/var/www/html/C...', 20)
#1 [internal function]: ErrorHandler::handleError(1, 'Call to undefin...', '/var/www/html/C...', 20, Array)
#2 /vagrant/composer/Vendor/pear-pear.cakephp.org/CakePHP/Cake/Core/App.php(929): call_user_func('ErrorHandler::h...', 1, 'Call to undefin...', '/var/www/html/C...', 20, Array)
#3 /vagrant/composer/Vendor/pear-pear.cakephp.org/CakePHP/Cake/Core/App.php(902): App::_checkFatalError()
#4 [internal function]: App::shutdown()
#5 {main}
2014-01-03 12:28:39 Error: [MissingControllerException] Controller class AddController could not be found.
Exception Attributes: array (
  'class' => 'AddController',
  'plugin' => NULL,
)
Request URL: /CakeChat/add
Stack Trace:
#0 /var/www/html/CakeChat/webroot/index.php(99): Dispatcher->dispatch(Object(CakeRequest), Object(CakeResponse))
#1 {main}
2014-01-03 12:28:46 Error: [MissingControllerException] Controller class AddController could not be found.
Exception Attributes: array (
  'class' => 'AddController',
  'plugin' => NULL,
)
Request URL: /CakeChat/add
Stack Trace:
#0 /var/www/html/CakeChat/webroot/index.php(99): Dispatcher->dispatch(Object(CakeRequest), Object(CakeResponse))
#1 {main}
2014-01-03 12:29:07 Error: [MissingControllerException] Controller class PostsController could not be found.
Exception Attributes: array (
  'class' => 'PostsController',
  'plugin' => NULL,
)
Request URL: /CakeChat/posts
Stack Trace:
#0 /var/www/html/CakeChat/webroot/index.php(99): Dispatcher->dispatch(Object(CakeRequest), Object(CakeResponse))
#1 {main}
2014-01-03 12:29:41 Error: [MissingControllerException] Controller class PostsController could not be found.
Exception Attributes: array (
  'class' => 'PostsController',
  'plugin' => NULL,
)
Request URL: /CakeChat/posts
Stack Trace:
#0 /var/www/html/CakeChat/webroot/index.php(99): Dispatcher->dispatch(Object(CakeRequest), Object(CakeResponse))
#1 {main}
2014-01-03 12:30:09 Error: [MissingControllerException] Controller class PostsController could not be found.
Exception Attributes: array (
  'class' => 'PostsController',
  'plugin' => NULL,
)
Request URL: /CakeChat/posts
Stack Trace:
#0 /var/www/html/CakeChat/webroot/index.php(99): Dispatcher->dispatch(Object(CakeRequest), Object(CakeResponse))
#1 {main}
2014-01-03 12:39:58 Error: Fatal Error (4): syntax error, unexpected end of file, expecting variable (T_VARIABLE) or ${ (T_DOLLAR_OPEN_CURLY_BRACES) or {$ (T_CURLY_OPEN) in [/var/www/html/CakeChat/Controller/AppController.php, line 44]
2014-01-03 12:39:58 Error: [FatalErrorException] syntax error, unexpected end of file, expecting variable (T_VARIABLE) or ${ (T_DOLLAR_OPEN_CURLY_BRACES) or {$ (T_CURLY_OPEN)
Request URL: /CakeChat/users/index
Stack Trace:
#0 /vagrant/composer/Vendor/pear-pear.cakephp.org/CakePHP/Cake/Error/ErrorHandler.php(203): ErrorHandler::handleFatalError(4, 'syntax error, u...', '/var/www/html/C...', 44)
#1 [internal function]: ErrorHandler::handleError(4, 'syntax error, u...', '/var/www/html/C...', 44, Array)
#2 /vagrant/composer/Vendor/pear-pear.cakephp.org/CakePHP/Cake/Core/App.php(929): call_user_func('ErrorHandler::h...', 4, 'syntax error, u...', '/var/www/html/C...', 44, Array)
#3 /vagrant/composer/Vendor/pear-pear.cakephp.org/CakePHP/Cake/Core/App.php(902): App::_checkFatalError()
#4 [internal function]: App::shutdown()
#5 {main}
2014-01-03 12:55:40 Error: [MissingActionException] Action UsersController::login() could not be found.
Exception Attributes: array (
  'controller' => 'UsersController',
  'action' => 'login',
)
Request URL: /CakeChat/users/login
Stack Trace:
#0 /vagrant/composer/Vendor/pear-pear.cakephp.org/CakePHP/Cake/Routing/Dispatcher.php(185): Controller->invokeAction(Object(CakeRequest))
#1 /vagrant/composer/Vendor/pear-pear.cakephp.org/CakePHP/Cake/Routing/Dispatcher.php(160): Dispatcher->_invoke(Object(UsersController), Object(CakeRequest), Object(CakeResponse))
#2 /var/www/html/CakeChat/webroot/index.php(99): Dispatcher->dispatch(Object(CakeRequest), Object(CakeResponse))
#3 {main}
2014-01-03 12:55:40 Error: [MissingActionException] Action UsersController::login() could not be found.
Exception Attributes: array (
  'controller' => 'UsersController',
  'action' => 'login',
)
Request URL: /CakeChat/Users/login
Stack Trace:
#0 /vagrant/composer/Vendor/pear-pear.cakephp.org/CakePHP/Cake/Routing/Dispatcher.php(185): Controller->invokeAction(Object(CakeRequest))
#1 /vagrant/composer/Vendor/pear-pear.cakephp.org/CakePHP/Cake/Routing/Dispatcher.php(160): Dispatcher->_invoke(Object(UsersController), Object(CakeRequest), Object(CakeResponse))
#2 /var/www/html/CakeChat/webroot/index.php(99): Dispatcher->dispatch(Object(CakeRequest), Object(CakeResponse))
#3 {main}
2014-01-03 12:55:40 Error: [MissingActionException] Action UsersController::login() could not be found.
Exception Attributes: array (
  'controller' => 'UsersController',
  'action' => 'login',
)
Request URL: /CakeChat/users/login
Stack Trace:
#0 /vagrant/composer/Vendor/pear-pear.cakephp.org/CakePHP/Cake/Routing/Dispatcher.php(185): Controller->invokeAction(Object(CakeRequest))
#1 /vagrant/composer/Vendor/pear-pear.cakephp.org/CakePHP/Cake/Routing/Dispatcher.php(160): Dispatcher->_invoke(Object(UsersController), Object(CakeRequest), Object(CakeResponse))
#2 /var/www/html/CakeChat/webroot/index.php(99): Dispatcher->dispatch(Object(CakeRequest), Object(CakeResponse))
#3 {main}
2014-01-03 12:55:48 Error: [MissingActionException] Action UsersController::login() could not be found.
Exception Attributes: array (
  'controller' => 'UsersController',
  'action' => 'login',
)
Request URL: /CakeChat/users/login
Stack Trace:
#0 /vagrant/composer/Vendor/pear-pear.cakephp.org/CakePHP/Cake/Routing/Dispatcher.php(185): Controller->invokeAction(Object(CakeRequest))
#1 /vagrant/composer/Vendor/pear-pear.cakephp.org/CakePHP/Cake/Routing/Dispatcher.php(160): Dispatcher->_invoke(Object(UsersController), Object(CakeRequest), Object(CakeResponse))
#2 /var/www/html/CakeChat/webroot/index.php(99): Dispatcher->dispatch(Object(CakeRequest), Object(CakeResponse))
#3 {main}
2014-01-03 12:55:48 Error: [MissingActionException] Action UsersController::login() could not be found.
Exception Attributes: array (
  'controller' => 'UsersController',
  'action' => 'login',
)
Request URL: /CakeChat/Users/login
Stack Trace:
#0 /vagrant/composer/Vendor/pear-pear.cakephp.org/CakePHP/Cake/Routing/Dispatcher.php(185): Controller->invokeAction(Object(CakeRequest))
#1 /vagrant/composer/Vendor/pear-pear.cakephp.org/CakePHP/Cake/Routing/Dispatcher.php(160): Dispatcher->_invoke(Object(UsersController), Object(CakeRequest), Object(CakeResponse))
#2 /var/www/html/CakeChat/webroot/index.php(99): Dispatcher->dispatch(Object(CakeRequest), Object(CakeResponse))
#3 {main}
2014-01-03 12:55:48 Error: [MissingActionException] Action UsersController::login() could not be found.
Exception Attributes: array (
  'controller' => 'UsersController',
  'action' => 'login',
)
Request URL: /CakeChat/users/login
Stack Trace:
#0 /vagrant/composer/Vendor/pear-pear.cakephp.org/CakePHP/Cake/Routing/Dispatcher.php(185): Controller->invokeAction(Object(CakeRequest))
#1 /vagrant/composer/Vendor/pear-pear.cakephp.org/CakePHP/Cake/Routing/Dispatcher.php(160): Dispatcher->_invoke(Object(UsersController), Object(CakeRequest), Object(CakeResponse))
#2 /var/www/html/CakeChat/webroot/index.php(99): Dispatcher->dispatch(Object(CakeRequest), Object(CakeResponse))
#3 {main}
2014-01-03 12:55:50 Error: [MissingActionException] Action UsersController::login() could not be found.
Exception Attributes: array (
  'controller' => 'UsersController',
  'action' => 'login',
)
Request URL: /CakeChat/users/login
Stack Trace:
#0 /vagrant/composer/Vendor/pear-pear.cakephp.org/CakePHP/Cake/Routing/Dispatcher.php(185): Controller->invokeAction(Object(CakeRequest))
#1 /vagrant/composer/Vendor/pear-pear.cakephp.org/CakePHP/Cake/Routing/Dispatcher.php(160): Dispatcher->_invoke(Object(UsersController), Object(CakeRequest), Object(CakeResponse))
#2 /var/www/html/CakeChat/webroot/index.php(99): Dispatcher->dispatch(Object(CakeRequest), Object(CakeResponse))
#3 {main}
2014-01-03 13:01:31 Error: [MissingActionException] Action ThreadsController::index() could not be found.
Exception Attributes: array (
  'controller' => 'ThreadsController',
  'action' => 'index',
)
Request URL: /CakeChat/threads/
Stack Trace:
#0 /vagrant/composer/Vendor/pear-pear.cakephp.org/CakePHP/Cake/Routing/Dispatcher.php(185): Controller->invokeAction(Object(CakeRequest))
#1 /vagrant/composer/Vendor/pear-pear.cakephp.org/CakePHP/Cake/Routing/Dispatcher.php(160): Dispatcher->_invoke(Object(ThreadsController), Object(CakeRequest), Object(CakeResponse))
#2 /var/www/html/CakeChat/webroot/index.php(99): Dispatcher->dispatch(Object(CakeRequest), Object(CakeResponse))
#3 {main}
2014-01-03 13:01:39 Error: [MissingActionException] Action ThreadsController::index() could not be found.
Exception Attributes: array (
  'controller' => 'ThreadsController',
  'action' => 'index',
)
Request URL: /CakeChat/threads/
Stack Trace:
#0 /vagrant/composer/Vendor/pear-pear.cakephp.org/CakePHP/Cake/Routing/Dispatcher.php(185): Controller->invokeAction(Object(CakeRequest))
#1 /vagrant/composer/Vendor/pear-pear.cakephp.org/CakePHP/Cake/Routing/Dispatcher.php(160): Dispatcher->_invoke(Object(ThreadsController), Object(CakeRequest), Object(CakeResponse))
#2 /var/www/html/CakeChat/webroot/index.php(99): Dispatcher->dispatch(Object(CakeRequest), Object(CakeResponse))
#3 {main}
2014-01-03 13:33:36 Error: Fatal Error (1): Call to undefined function allow() in [/var/www/html/CakeChat/Controller/AppController.php, line 43]
2014-01-03 13:33:36 Error: [FatalErrorException] Call to undefined function allow()
Request URL: /CakeChat/threads/login
Stack Trace:
#0 /vagrant/composer/Vendor/pear-pear.cakephp.org/CakePHP/Cake/Error/ErrorHandler.php(203): ErrorHandler::handleFatalError(1, 'Call to undefin...', '/var/www/html/C...', 43)
#1 [internal function]: ErrorHandler::handleError(1, 'Call to undefin...', '/var/www/html/C...', 43, Array)
#2 /vagrant/composer/Vendor/pear-pear.cakephp.org/CakePHP/Cake/Core/App.php(929): call_user_func('ErrorHandler::h...', 1, 'Call to undefin...', '/var/www/html/C...', 43, Array)
#3 /vagrant/composer/Vendor/pear-pear.cakephp.org/CakePHP/Cake/Core/App.php(902): App::_checkFatalError()
#4 [internal function]: App::shutdown()
#5 {main}
2014-01-03 13:33:37 Error: Fatal Error (1): Call to undefined function allow() in [/var/www/html/CakeChat/Controller/AppController.php, line 43]
2014-01-03 13:33:37 Error: [FatalErrorException] Call to undefined function allow()
Request URL: /CakeChat/threads/
Stack Trace:
#0 /vagrant/composer/Vendor/pear-pear.cakephp.org/CakePHP/Cake/Error/ErrorHandler.php(203): ErrorHandler::handleFatalError(1, 'Call to undefin...', '/var/www/html/C...', 43)
#1 [internal function]: ErrorHandler::handleError(1, 'Call to undefin...', '/var/www/html/C...', 43, Array)
#2 /vagrant/composer/Vendor/pear-pear.cakephp.org/CakePHP/Cake/Core/App.php(929): call_user_func('ErrorHandler::h...', 1, 'Call to undefin...', '/var/www/html/C...', 43, Array)
#3 /vagrant/composer/Vendor/pear-pear.cakephp.org/CakePHP/Cake/Core/App.php(902): App::_checkFatalError()
#4 [internal function]: App::shutdown()
#5 {main}
2014-01-03 13:33:37 Error: Fatal Error (1): Call to undefined function allow() in [/var/www/html/CakeChat/Controller/AppController.php, line 43]
2014-01-03 13:33:37 Error: [FatalErrorException] Call to undefined function allow()
Request URL: /CakeChat/threads/index
Stack Trace:
#0 /vagrant/composer/Vendor/pear-pear.cakephp.org/CakePHP/Cake/Error/ErrorHandler.php(203): ErrorHandler::handleFatalError(1, 'Call to undefin...', '/var/www/html/C...', 43)
#1 [internal function]: ErrorHandler::handleError(1, 'Call to undefin...', '/var/www/html/C...', 43, Array)
#2 /vagrant/composer/Vendor/pear-pear.cakephp.org/CakePHP/Cake/Core/App.php(929): call_user_func('ErrorHandler::h...', 1, 'Call to undefin...', '/var/www/html/C...', 43, Array)
#3 /vagrant/composer/Vendor/pear-pear.cakephp.org/CakePHP/Cake/Core/App.php(902): App::_checkFatalError()
#4 [internal function]: App::shutdown()
#5 {main}
2014-01-03 13:33:38 Error: Fatal Error (1): Call to undefined function allow() in [/var/www/html/CakeChat/Controller/AppController.php, line 43]
2014-01-03 13:33:38 Error: [FatalErrorException] Call to undefined function allow()
Request URL: /CakeChat/
Stack Trace:
#0 /vagrant/composer/Vendor/pear-pear.cakephp.org/CakePHP/Cake/Error/ErrorHandler.php(203): ErrorHandler::handleFatalError(1, 'Call to undefin...', '/var/www/html/C...', 43)
#1 [internal function]: ErrorHandler::handleError(1, 'Call to undefin...', '/var/www/html/C...', 43, Array)
#2 /vagrant/composer/Vendor/pear-pear.cakephp.org/CakePHP/Cake/Core/App.php(929): call_user_func('ErrorHandler::h...', 1, 'Call to undefin...', '/var/www/html/C...', 43, Array)
#3 /vagrant/composer/Vendor/pear-pear.cakephp.org/CakePHP/Cake/Core/App.php(902): App::_checkFatalError()
#4 [internal function]: App::shutdown()
#5 {main}
2014-01-03 13:33:38 Error: Fatal Error (1): Call to undefined function allow() in [/var/www/html/CakeChat/Controller/AppController.php, line 43]
2014-01-03 13:33:38 Error: [FatalErrorException] Call to undefined function allow()
Request URL: /CakeChat/
Stack Trace:
#0 /vagrant/composer/Vendor/pear-pear.cakephp.org/CakePHP/Cake/Error/ErrorHandler.php(203): ErrorHandler::handleFatalError(1, 'Call to undefin...', '/var/www/html/C...', 43)
#1 [internal function]: ErrorHandler::handleError(1, 'Call to undefin...', '/var/www/html/C...', 43, Array)
#2 /vagrant/composer/Vendor/pear-pear.cakephp.org/CakePHP/Cake/Core/App.php(929): call_user_func('ErrorHandler::h...', 1, 'Call to undefin...', '/var/www/html/C...', 43, Array)
#3 /vagrant/composer/Vendor/pear-pear.cakephp.org/CakePHP/Cake/Core/App.php(902): App::_checkFatalError()
#4 [internal function]: App::shutdown()
#5 {main}
2014-01-03 13:33:42 Error: Fatal Error (1): Call to undefined function allow() in [/var/www/html/CakeChat/Controller/AppController.php, line 43]
2014-01-03 13:33:42 Error: [FatalErrorException] Call to undefined function allow()
Request URL: /CakeChat/Users/login
Stack Trace:
#0 /vagrant/composer/Vendor/pear-pear.cakephp.org/CakePHP/Cake/Error/ErrorHandler.php(203): ErrorHandler::handleFatalError(1, 'Call to undefin...', '/var/www/html/C...', 43)
#1 [internal function]: ErrorHandler::handleError(1, 'Call to undefin...', '/var/www/html/C...', 43, Array)
#2 /vagrant/composer/Vendor/pear-pear.cakephp.org/CakePHP/Cake/Core/App.php(929): call_user_func('ErrorHandler::h...', 1, 'Call to undefin...', '/var/www/html/C...', 43, Array)
#3 /vagrant/composer/Vendor/pear-pear.cakephp.org/CakePHP/Cake/Core/App.php(902): App::_checkFatalError()
#4 [internal function]: App::shutdown()
#5 {main}
2014-01-03 13:33:44 Error: Fatal Error (1): Call to undefined function allow() in [/var/www/html/CakeChat/Controller/AppController.php, line 43]
2014-01-03 13:33:44 Error: [FatalErrorException] Call to undefined function allow()
Request URL: /CakeChat/Users/
Stack Trace:
#0 /vagrant/composer/Vendor/pear-pear.cakephp.org/CakePHP/Cake/Error/ErrorHandler.php(203): ErrorHandler::handleFatalError(1, 'Call to undefin...', '/var/www/html/C...', 43)
#1 [internal function]: ErrorHandler::handleError(1, 'Call to undefin...', '/var/www/html/C...', 43, Array)
#2 /vagrant/composer/Vendor/pear-pear.cakephp.org/CakePHP/Cake/Core/App.php(929): call_user_func('ErrorHandler::h...', 1, 'Call to undefin...', '/var/www/html/C...', 43, Array)
#3 /vagrant/composer/Vendor/pear-pear.cakephp.org/CakePHP/Cake/Core/App.php(902): App::_checkFatalError()
#4 [internal function]: App::shutdown()
#5 {main}
2014-01-03 13:33:44 Error: Fatal Error (1): Call to undefined function allow() in [/var/www/html/CakeChat/Controller/AppController.php, line 43]
2014-01-03 13:33:44 Error: [FatalErrorException] Call to undefined function allow()
Request URL: /CakeChat/Users/
Stack Trace:
#0 /vagrant/composer/Vendor/pear-pear.cakephp.org/CakePHP/Cake/Error/ErrorHandler.php(203): ErrorHandler::handleFatalError(1, 'Call to undefin...', '/var/www/html/C...', 43)
#1 [internal function]: ErrorHandler::handleError(1, 'Call to undefin...', '/var/www/html/C...', 43, Array)
#2 /vagrant/composer/Vendor/pear-pear.cakephp.org/CakePHP/Cake/Core/App.php(929): call_user_func('ErrorHandler::h...', 1, 'Call to undefin...', '/var/www/html/C...', 43, Array)
#3 /vagrant/composer/Vendor/pear-pear.cakephp.org/CakePHP/Cake/Core/App.php(902): App::_checkFatalError()
#4 [internal function]: App::shutdown()
#5 {main}
2014-01-03 13:35:12 Error: Fatal Error (1): Call to undefined function allow() in [/var/www/html/CakeChat/Controller/AppController.php, line 43]
2014-01-03 13:35:12 Error: [FatalErrorException] Call to undefined function allow()
Request URL: /CakeChat/Users/login
Stack Trace:
#0 /vagrant/composer/Vendor/pear-pear.cakephp.org/CakePHP/Cake/Error/ErrorHandler.php(203): ErrorHandler::handleFatalError(1, 'Call to undefin...', '/var/www/html/C...', 43)
#1 [internal function]: ErrorHandler::handleError(1, 'Call to undefin...', '/var/www/html/C...', 43, Array)
#2 /vagrant/composer/Vendor/pear-pear.cakephp.org/CakePHP/Cake/Core/App.php(929): call_user_func('ErrorHandler::h...', 1, 'Call to undefin...', '/var/www/html/C...', 43, Array)
#3 /vagrant/composer/Vendor/pear-pear.cakephp.org/CakePHP/Cake/Core/App.php(902): App::_checkFatalError()
#4 [internal function]: App::shutdown()
#5 {main}
2014-01-03 13:37:52 Error: [NotFoundException] Invalid user
Request URL: /CakeChat/users/edit
Stack Trace:
#0 [internal function]: UsersController->edit()
#1 /vagrant/composer/Vendor/pear-pear.cakephp.org/CakePHP/Cake/Controller/Controller.php(490): ReflectionMethod->invokeArgs(Object(UsersController), Array)
#2 /vagrant/composer/Vendor/pear-pear.cakephp.org/CakePHP/Cake/Routing/Dispatcher.php(185): Controller->invokeAction(Object(CakeRequest))
#3 /vagrant/composer/Vendor/pear-pear.cakephp.org/CakePHP/Cake/Routing/Dispatcher.php(160): Dispatcher->_invoke(Object(UsersController), Object(CakeRequest), Object(CakeResponse))
#4 /var/www/html/CakeChat/webroot/index.php(99): Dispatcher->dispatch(Object(CakeRequest), Object(CakeResponse))
#5 {main}
2014-01-03 13:38:07 Error: [NotFoundException] Invalid user
Request URL: /CakeChat/users/edit
Stack Trace:
#0 [internal function]: UsersController->edit()
#1 /vagrant/composer/Vendor/pear-pear.cakephp.org/CakePHP/Cake/Controller/Controller.php(490): ReflectionMethod->invokeArgs(Object(UsersController), Array)
#2 /vagrant/composer/Vendor/pear-pear.cakephp.org/CakePHP/Cake/Routing/Dispatcher.php(185): Controller->invokeAction(Object(CakeRequest))
#3 /vagrant/composer/Vendor/pear-pear.cakephp.org/CakePHP/Cake/Routing/Dispatcher.php(160): Dispatcher->_invoke(Object(UsersController), Object(CakeRequest), Object(CakeResponse))
#4 /var/www/html/CakeChat/webroot/index.php(99): Dispatcher->dispatch(Object(CakeRequest), Object(CakeResponse))
#5 {main}
2014-01-03 13:38:13 Error: [NotFoundException] Invalid user
Request URL: /CakeChat/users/edit
Stack Trace:
#0 [internal function]: UsersController->edit()
#1 /vagrant/composer/Vendor/pear-pear.cakephp.org/CakePHP/Cake/Controller/Controller.php(490): ReflectionMethod->invokeArgs(Object(UsersController), Array)
#2 /vagrant/composer/Vendor/pear-pear.cakephp.org/CakePHP/Cake/Routing/Dispatcher.php(185): Controller->invokeAction(Object(CakeRequest))
#3 /vagrant/composer/Vendor/pear-pear.cakephp.org/CakePHP/Cake/Routing/Dispatcher.php(160): Dispatcher->_invoke(Object(UsersController), Object(CakeRequest), Object(CakeResponse))
#4 /var/www/html/CakeChat/webroot/index.php(99): Dispatcher->dispatch(Object(CakeRequest), Object(CakeResponse))
#5 {main}
2014-01-03 13:38:14 Error: [NotFoundException] Invalid user
Request URL: /CakeChat/users/edit
Stack Trace:
#0 [internal function]: UsersController->edit()
#1 /vagrant/composer/Vendor/pear-pear.cakephp.org/CakePHP/Cake/Controller/Controller.php(490): ReflectionMethod->invokeArgs(Object(UsersController), Array)
#2 /vagrant/composer/Vendor/pear-pear.cakephp.org/CakePHP/Cake/Routing/Dispatcher.php(185): Controller->invokeAction(Object(CakeRequest))
#3 /vagrant/composer/Vendor/pear-pear.cakephp.org/CakePHP/Cake/Routing/Dispatcher.php(160): Dispatcher->_invoke(Object(UsersController), Object(CakeRequest), Object(CakeResponse))
#4 /var/www/html/CakeChat/webroot/index.php(99): Dispatcher->dispatch(Object(CakeRequest), Object(CakeResponse))
#5 {main}
2014-01-03 13:41:07 Error: [NotFoundException] Invalid user
Request URL: /CakeChat/users/edit
Stack Trace:
#0 [internal function]: UsersController->edit()
#1 /vagrant/composer/Vendor/pear-pear.cakephp.org/CakePHP/Cake/Controller/Controller.php(490): ReflectionMethod->invokeArgs(Object(UsersController), Array)
#2 /vagrant/composer/Vendor/pear-pear.cakephp.org/CakePHP/Cake/Routing/Dispatcher.php(185): Controller->invokeAction(Object(CakeRequest))
#3 /vagrant/composer/Vendor/pear-pear.cakephp.org/CakePHP/Cake/Routing/Dispatcher.php(160): Dispatcher->_invoke(Object(UsersController), Object(CakeRequest), Object(CakeResponse))
#4 /var/www/html/CakeChat/webroot/index.php(99): Dispatcher->dispatch(Object(CakeRequest), Object(CakeResponse))
#5 {main}
2014-01-03 13:59:59 Error: [NotFoundException] Invalid user
Request URL: /CakeChat/users/edit
Stack Trace:
#0 [internal function]: UsersController->edit()
#1 /vagrant/composer/Vendor/pear-pear.cakephp.org/CakePHP/Cake/Controller/Controller.php(490): ReflectionMethod->invokeArgs(Object(UsersController), Array)
#2 /vagrant/composer/Vendor/pear-pear.cakephp.org/CakePHP/Cake/Routing/Dispatcher.php(185): Controller->invokeAction(Object(CakeRequest))
#3 /vagrant/composer/Vendor/pear-pear.cakephp.org/CakePHP/Cake/Routing/Dispatcher.php(160): Dispatcher->_invoke(Object(UsersController), Object(CakeRequest), Object(CakeResponse))
#4 /var/www/html/CakeChat/webroot/index.php(99): Dispatcher->dispatch(Object(CakeRequest), Object(CakeResponse))
#5 {main}
2014-01-03 15:34:49 Error: [MissingControllerException] Controller class TheadsController could not be found.
Exception Attributes: array (
  'class' => 'TheadsController',
  'plugin' => NULL,
)
Request URL: /CakeChat/theads
Stack Trace:
#0 /var/www/html/CakeChat/webroot/index.php(99): Dispatcher->dispatch(Object(CakeRequest), Object(CakeResponse))
#1 {main}
2014-01-03 15:46:01 Error: [MissingActionException] Action ThreadsController::create() could not be found.
Exception Attributes: array (
  'controller' => 'ThreadsController',
  'action' => 'create',
)
Request URL: /CakeChat/threads/create
Stack Trace:
#0 /vagrant/composer/Vendor/pear-pear.cakephp.org/CakePHP/Cake/Routing/Dispatcher.php(185): Controller->invokeAction(Object(CakeRequest))
#1 /vagrant/composer/Vendor/pear-pear.cakephp.org/CakePHP/Cake/Routing/Dispatcher.php(160): Dispatcher->_invoke(Object(ThreadsController), Object(CakeRequest), Object(CakeResponse))
#2 /var/www/html/CakeChat/webroot/index.php(99): Dispatcher->dispatch(Object(CakeRequest), Object(CakeResponse))
#3 {main}
2014-01-03 15:47:05 Error: Fatal Error (4): syntax error, unexpected ';' in [/var/www/html/CakeChat/Controller/ThreadsController.php, line 16]
2014-01-03 15:47:05 Error: [FatalErrorException] syntax error, unexpected ';'
Request URL: /CakeChat/threads/create
Stack Trace:
#0 /vagrant/composer/Vendor/pear-pear.cakephp.org/CakePHP/Cake/Error/ErrorHandler.php(203): ErrorHandler::handleFatalError(4, 'syntax error, u...', '/var/www/html/C...', 16)
#1 [internal function]: ErrorHandler::handleError(4, 'syntax error, u...', '/var/www/html/C...', 16, Array)
#2 /vagrant/composer/Vendor/pear-pear.cakephp.org/CakePHP/Cake/Core/App.php(929): call_user_func('ErrorHandler::h...', 4, 'syntax error, u...', '/var/www/html/C...', 16, Array)
#3 /vagrant/composer/Vendor/pear-pear.cakephp.org/CakePHP/Cake/Core/App.php(902): App::_checkFatalError()
#4 [internal function]: App::shutdown()
#5 {main}
2014-01-03 15:47:36 Error: Fatal Error (1): Call to undefined method AuthComponent::user_id() in [/var/www/html/CakeChat/Controller/ThreadsController.php, line 16]
2014-01-03 15:47:36 Error: [FatalErrorException] Call to undefined method AuthComponent::user_id()
Request URL: /CakeChat/threads/create
Stack Trace:
#0 /vagrant/composer/Vendor/pear-pear.cakephp.org/CakePHP/Cake/Error/ErrorHandler.php(203): ErrorHandler::handleFatalError(1, 'Call to undefin...', '/var/www/html/C...', 16)
#1 [internal function]: ErrorHandler::handleError(1, 'Call to undefin...', '/var/www/html/C...', 16, Array)
#2 /vagrant/composer/Vendor/pear-pear.cakephp.org/CakePHP/Cake/Core/App.php(929): call_user_func('ErrorHandler::h...', 1, 'Call to undefin...', '/var/www/html/C...', 16, Array)
#3 /vagrant/composer/Vendor/pear-pear.cakephp.org/CakePHP/Cake/Core/App.php(902): App::_checkFatalError()
#4 [internal function]: App::shutdown()
#5 {main}
2014-01-03 15:48:26 Error: Fatal Error (4): syntax error, unexpected ';' in [/var/www/html/CakeChat/Controller/ThreadsController.php, line 16]
2014-01-03 15:48:26 Error: [FatalErrorException] syntax error, unexpected ';'
Request URL: /CakeChat/threads/create
Stack Trace:
#0 /vagrant/composer/Vendor/pear-pear.cakephp.org/CakePHP/Cake/Error/ErrorHandler.php(203): ErrorHandler::handleFatalError(4, 'syntax error, u...', '/var/www/html/C...', 16)
#1 [internal function]: ErrorHandler::handleError(4, 'syntax error, u...', '/var/www/html/C...', 16, Array)
#2 /vagrant/composer/Vendor/pear-pear.cakephp.org/CakePHP/Cake/Core/App.php(929): call_user_func('ErrorHandler::h...', 4, 'syntax error, u...', '/var/www/html/C...', 16, Array)
#3 /vagrant/composer/Vendor/pear-pear.cakephp.org/CakePHP/Cake/Core/App.php(902): App::_checkFatalError()
#4 [internal function]: App::shutdown()
#5 {main}
2014-01-03 15:53:34 Error: Fatal Error (4): syntax error, unexpected ';' in [/var/www/html/CakeChat/Controller/ThreadsController.php, line 16]
2014-01-03 15:53:34 Error: [FatalErrorException] syntax error, unexpected ';'
Request URL: /CakeChat/threads/create
Stack Trace:
#0 /vagrant/composer/Vendor/pear-pear.cakephp.org/CakePHP/Cake/Error/ErrorHandler.php(203): ErrorHandler::handleFatalError(4, 'syntax error, u...', '/var/www/html/C...', 16)
#1 [internal function]: ErrorHandler::handleError(4, 'syntax error, u...', '/var/www/html/C...', 16, Array)
#2 /vagrant/composer/Vendor/pear-pear.cakephp.org/CakePHP/Cake/Core/App.php(929): call_user_func('ErrorHandler::h...', 4, 'syntax error, u...', '/var/www/html/C...', 16, Array)
#3 /vagrant/composer/Vendor/pear-pear.cakephp.org/CakePHP/Cake/Core/App.php(902): App::_checkFatalError()
#4 [internal function]: App::shutdown()
#5 {main}
2014-01-03 16:17:09 Error: Fatal Error (4): syntax error, unexpected 'ßß' (T_STRING) in [/var/www/html/CakeChat/Controller/ThreadsController.php, line 11]
2014-01-03 16:17:09 Error: [FatalErrorException] syntax error, unexpected 'ßß' (T_STRING)
Request URL: /CakeChat/threads
Stack Trace:
#0 /vagrant/composer/Vendor/pear-pear.cakephp.org/CakePHP/Cake/Error/ErrorHandler.php(203): ErrorHandler::handleFatalError(4, 'syntax error, u...', '/var/www/html/C...', 11)
#1 [internal function]: ErrorHandler::handleError(4, 'syntax error, u...', '/var/www/html/C...', 11, Array)
#2 /vagrant/composer/Vendor/pear-pear.cakephp.org/CakePHP/Cake/Core/App.php(929): call_user_func('ErrorHandler::h...', 4, 'syntax error, u...', '/var/www/html/C...', 11, Array)
#3 /vagrant/composer/Vendor/pear-pear.cakephp.org/CakePHP/Cake/Core/App.php(902): App::_checkFatalError()
#4 [internal function]: App::shutdown()
#5 {main}
2014-01-03 16:32:55 Error: Fatal Error (4): syntax error, unexpected 'var' (T_VAR) in [/var/www/html/CakeChat/Model/Thread.php, line 4]
2014-01-03 16:32:55 Error: [FatalErrorException] syntax error, unexpected 'var' (T_VAR)
Request URL: /CakeChat/threads
Stack Trace:
#0 /vagrant/composer/Vendor/pear-pear.cakephp.org/CakePHP/Cake/Error/ErrorHandler.php(203): ErrorHandler::handleFatalError(4, 'syntax error, u...', '/var/www/html/C...', 4)
#1 [internal function]: ErrorHandler::handleError(4, 'syntax error, u...', '/var/www/html/C...', 4, Array)
#2 /vagrant/composer/Vendor/pear-pear.cakephp.org/CakePHP/Cake/Core/App.php(929): call_user_func('ErrorHandler::h...', 4, 'syntax error, u...', '/var/www/html/C...', 4, Array)
#3 /vagrant/composer/Vendor/pear-pear.cakephp.org/CakePHP/Cake/Core/App.php(902): App::_checkFatalError()
#4 [internal function]: App::shutdown()
#5 {main}
2014-01-03 16:34:56 Error: Fatal Error (4): syntax error, unexpected 'var' (T_VAR) in [/var/www/html/CakeChat/Model/Thread.php, line 5]
2014-01-03 16:34:56 Error: [FatalErrorException] syntax error, unexpected 'var' (T_VAR)
Request URL: /CakeChat/threads
Stack Trace:
#0 /vagrant/composer/Vendor/pear-pear.cakephp.org/CakePHP/Cake/Error/ErrorHandler.php(203): ErrorHandler::handleFatalError(4, 'syntax error, u...', '/var/www/html/C...', 5)
#1 [internal function]: ErrorHandler::handleError(4, 'syntax error, u...', '/var/www/html/C...', 5, Array)
#2 /vagrant/composer/Vendor/pear-pear.cakephp.org/CakePHP/Cake/Core/App.php(929): call_user_func('ErrorHandler::h...', 4, 'syntax error, u...', '/var/www/html/C...', 5, Array)
#3 /vagrant/composer/Vendor/pear-pear.cakephp.org/CakePHP/Cake/Core/App.php(902): App::_checkFatalError()
#4 [internal function]: App::shutdown()
#5 {main}
2014-01-03 16:34:57 Error: Fatal Error (4): syntax error, unexpected 'var' (T_VAR) in [/var/www/html/CakeChat/Model/Thread.php, line 5]
2014-01-03 16:34:57 Error: [FatalErrorException] syntax error, unexpected 'var' (T_VAR)
Request URL: /CakeChat/threads
Stack Trace:
#0 /vagrant/composer/Vendor/pear-pear.cakephp.org/CakePHP/Cake/Error/ErrorHandler.php(203): ErrorHandler::handleFatalError(4, 'syntax error, u...', '/var/www/html/C...', 5)
#1 [internal function]: ErrorHandler::handleError(4, 'syntax error, u...', '/var/www/html/C...', 5, Array)
#2 /vagrant/composer/Vendor/pear-pear.cakephp.org/CakePHP/Cake/Core/App.php(929): call_user_func('ErrorHandler::h...', 4, 'syntax error, u...', '/var/www/html/C...', 5, Array)
#3 /vagrant/composer/Vendor/pear-pear.cakephp.org/CakePHP/Cake/Core/App.php(902): App::_checkFatalError()
#4 [internal function]: App::shutdown()
#5 {main}
2014-01-03 16:37:34 Error: Fatal Error (1): Call to a member function find() on a non-object in [/var/www/html/CakeChat/Model/Thread.php, line 22]
2014-01-03 16:37:34 Error: [FatalErrorException] Call to a member function find() on a non-object
Request URL: /CakeChat/threads
Stack Trace:
#0 /vagrant/composer/Vendor/pear-pear.cakephp.org/CakePHP/Cake/Error/ErrorHandler.php(203): ErrorHandler::handleFatalError(1, 'Call to a membe...', '/var/www/html/C...', 22)
#1 [internal function]: ErrorHandler::handleError(1, 'Call to a membe...', '/var/www/html/C...', 22, Array)
#2 /vagrant/composer/Vendor/pear-pear.cakephp.org/CakePHP/Cake/Core/App.php(929): call_user_func('ErrorHandler::h...', 1, 'Call to a membe...', '/var/www/html/C...', 22, Array)
#3 /vagrant/composer/Vendor/pear-pear.cakephp.org/CakePHP/Cake/Core/App.php(902): App::_checkFatalError()
#4 [internal function]: App::shutdown()
#5 {main}
2014-01-03 16:43:14 Error: Fatal Error (4): syntax error, unexpected 'as' (T_AS), expecting ')' in [/var/www/html/CakeChat/Model/Thread.php, line 18]
2014-01-03 16:43:14 Error: [FatalErrorException] syntax error, unexpected 'as' (T_AS), expecting ')'
Request URL: /CakeChat/threads
Stack Trace:
#0 /vagrant/composer/Vendor/pear-pear.cakephp.org/CakePHP/Cake/Error/ErrorHandler.php(203): ErrorHandler::handleFatalError(4, 'syntax error, u...', '/var/www/html/C...', 18)
#1 [internal function]: ErrorHandler::handleError(4, 'syntax error, u...', '/var/www/html/C...', 18, Array)
#2 /vagrant/composer/Vendor/pear-pear.cakephp.org/CakePHP/Cake/Core/App.php(929): call_user_func('ErrorHandler::h...', 4, 'syntax error, u...', '/var/www/html/C...', 18, Array)
#3 /vagrant/composer/Vendor/pear-pear.cakephp.org/CakePHP/Cake/Core/App.php(902): App::_checkFatalError()
#4 [internal function]: App::shutdown()
#5 {main}
2014-01-03 17:10:51 Error: [MissingViewException] View file "/var/www/html/CakeChat/View/Messages/index.ctp" is missing.
Exception Attributes: array (
  'file' => '/var/www/html/CakeChat/View/Messages/index.ctp',
)
Request URL: /CakeChat/messages/
Stack Trace:
#0 /vagrant/composer/Vendor/pear-pear.cakephp.org/CakePHP/Cake/View/View.php(457): View->_getViewFileName(NULL)
#1 /vagrant/composer/Vendor/pear-pear.cakephp.org/CakePHP/Cake/Controller/Controller.php(952): View->render(NULL, NULL)
#2 /vagrant/composer/Vendor/pear-pear.cakephp.org/CakePHP/Cake/Routing/Dispatcher.php(192): Controller->render()
#3 /vagrant/composer/Vendor/pear-pear.cakephp.org/CakePHP/Cake/Routing/Dispatcher.php(160): Dispatcher->_invoke(Object(MessagesController), Object(CakeRequest), Object(CakeResponse))
#4 /var/www/html/CakeChat/webroot/index.php(99): Dispatcher->dispatch(Object(CakeRequest), Object(CakeResponse))
#5 {main}
2014-01-03 17:11:12 Error: [MissingViewException] View file "/var/www/html/CakeChat/View/Messages/index.ctp" is missing.
Exception Attributes: array (
  'file' => '/var/www/html/CakeChat/View/Messages/index.ctp',
)
Request URL: /CakeChat/messages/index
Stack Trace:
#0 /vagrant/composer/Vendor/pear-pear.cakephp.org/CakePHP/Cake/View/View.php(457): View->_getViewFileName(NULL)
#1 /vagrant/composer/Vendor/pear-pear.cakephp.org/CakePHP/Cake/Controller/Controller.php(952): View->render(NULL, NULL)
#2 /vagrant/composer/Vendor/pear-pear.cakephp.org/CakePHP/Cake/Routing/Dispatcher.php(192): Controller->render()
#3 /vagrant/composer/Vendor/pear-pear.cakephp.org/CakePHP/Cake/Routing/Dispatcher.php(160): Dispatcher->_invoke(Object(MessagesController), Object(CakeRequest), Object(CakeResponse))
#4 /var/www/html/CakeChat/webroot/index.php(99): Dispatcher->dispatch(Object(CakeRequest), Object(CakeResponse))
#5 {main}
2014-01-03 18:12:49 Error: [MissingControllerException] Controller class TheadsController could not be found.
Exception Attributes: array (
  'class' => 'TheadsController',
  'plugin' => NULL,
)
Request URL: /CakeChat/theads
Stack Trace:
#0 /var/www/html/CakeChat/webroot/index.php(99): Dispatcher->dispatch(Object(CakeRequest), Object(CakeResponse))
#1 {main}
2014-01-03 18:12:50 Error: [MissingControllerException] Controller class TheadsController could not be found.
Exception Attributes: array (
  'class' => 'TheadsController',
  'plugin' => NULL,
)
Request URL: /CakeChat/theads
Stack Trace:
#0 /var/www/html/CakeChat/webroot/index.php(99): Dispatcher->dispatch(Object(CakeRequest), Object(CakeResponse))
#1 {main}
2014-01-03 18:13:00 Error: Fatal Error (1): Call to a member function create() on a non-object in [/var/www/html/CakeChat/Controller/MessagesController.php, line 18]
2014-01-03 18:13:00 Error: [FatalErrorException] Call to a member function create() on a non-object
Request URL: /CakeChat/messages/add/4
Stack Trace:
#0 /vagrant/composer/Vendor/pear-pear.cakephp.org/CakePHP/Cake/Error/ErrorHandler.php(203): ErrorHandler::handleFatalError(1, 'Call to a membe...', '/var/www/html/C...', 18)
#1 [internal function]: ErrorHandler::handleError(1, 'Call to a membe...', '/var/www/html/C...', 18, Array)
#2 /vagrant/composer/Vendor/pear-pear.cakephp.org/CakePHP/Cake/Core/App.php(929): call_user_func('ErrorHandler::h...', 1, 'Call to a membe...', '/var/www/html/C...', 18, Array)
#3 /vagrant/composer/Vendor/pear-pear.cakephp.org/CakePHP/Cake/Core/App.php(902): App::_checkFatalError()
#4 [internal function]: App::shutdown()
#5 {main}
2014-01-03 18:33:40 Error: [MissingControllerException] Controller class TheadsController could not be found.
Exception Attributes: array (
  'class' => 'TheadsController',
  'plugin' => NULL,
)
Request URL: /CakeChat/theads
Stack Trace:
#0 /var/www/html/CakeChat/webroot/index.php(99): Dispatcher->dispatch(Object(CakeRequest), Object(CakeResponse))
#1 {main}
2014-01-03 18:33:41 Error: [MissingControllerException] Controller class TheadsController could not be found.
Exception Attributes: array (
  'class' => 'TheadsController',
  'plugin' => NULL,
)
Request URL: /CakeChat/theads
Stack Trace:
#0 /var/www/html/CakeChat/webroot/index.php(99): Dispatcher->dispatch(Object(CakeRequest), Object(CakeResponse))
#1 {main}
2014-01-03 18:39:16 Error: [MissingControllerException] Controller class TheadsController could not be found.
Exception Attributes: array (
  'class' => 'TheadsController',
  'plugin' => NULL,
)
Request URL: /CakeChat/theads
Stack Trace:
#0 /var/www/html/CakeChat/webroot/index.php(99): Dispatcher->dispatch(Object(CakeRequest), Object(CakeResponse))
#1 {main}
2014-01-03 19:27:59 Error: [PDOException] SQLSTATE[42000]: Syntax error or access violation: 1064 You have an error in your SQL syntax; check the manual that corresponds to your MySQL server version for the right syntax to use near 'ASC' at line 2
Request URL: /CakeChat/messages/add/3/fsdfsdf
Stack Trace:
#0 /vagrant/composer/Vendor/pear-pear.cakephp.org/CakePHP/Cake/Model/Datasource/DboSource.php(458): PDOStatement->execute(Array)
#1 /vagrant/composer/Vendor/pear-pear.cakephp.org/CakePHP/Cake/Model/Datasource/DboSource.php(424): DboSource->_execute('SELECT `Message...', Array)
#2 /vagrant/composer/Vendor/pear-pear.cakephp.org/CakePHP/Cake/Model/Datasource/DboSource.php(665): DboSource->execute('SELECT `Message...', Array, Array)
#3 /vagrant/composer/Vendor/pear-pear.cakephp.org/CakePHP/Cake/Model/Datasource/DboSource.php(1077): DboSource->fetchAll('SELECT `Message...', false)
#4 /vagrant/composer/Vendor/pear-pear.cakephp.org/CakePHP/Cake/Model/Model.php(2900): DboSource->read(Object(Message), Array)
#5 /vagrant/composer/Vendor/pear-pear.cakephp.org/CakePHP/Cake/Model/Model.php(2872): Model->_readDataSource('all', Array)
#6 /var/www/html/CakeChat/Model/Message.php(8): Model->find('all', Array)
#7 /var/www/html/CakeChat/Controller/MessagesController.php(16): Message->getMessagesForThread('3')
#8 [internal function]: MessagesController->add('3', 'fsdfsdf')
#9 /vagrant/composer/Vendor/pear-pear.cakephp.org/CakePHP/Cake/Controller/Controller.php(490): ReflectionMethod->invokeArgs(Object(MessagesController), Array)
#10 /vagrant/composer/Vendor/pear-pear.cakephp.org/CakePHP/Cake/Routing/Dispatcher.php(185): Controller->invokeAction(Object(CakeRequest))
#11 /vagrant/composer/Vendor/pear-pear.cakephp.org/CakePHP/Cake/Routing/Dispatcher.php(160): Dispatcher->_invoke(Object(MessagesController), Object(CakeRequest), Object(CakeResponse))
#12 /var/www/html/CakeChat/webroot/index.php(99): Dispatcher->dispatch(Object(CakeRequest), Object(CakeResponse))
#13 {main}
2014-01-03 19:28:03 Error: [PDOException] SQLSTATE[42000]: Syntax error or access violation: 1064 You have an error in your SQL syntax; check the manual that corresponds to your MySQL server version for the right syntax to use near 'ASC' at line 2
Request URL: /CakeChat/messages/add/3/fsdfsdf
Stack Trace:
#0 /vagrant/composer/Vendor/pear-pear.cakephp.org/CakePHP/Cake/Model/Datasource/DboSource.php(458): PDOStatement->execute(Array)
#1 /vagrant/composer/Vendor/pear-pear.cakephp.org/CakePHP/Cake/Model/Datasource/DboSource.php(424): DboSource->_execute('SELECT `Message...', Array)
#2 /vagrant/composer/Vendor/pear-pear.cakephp.org/CakePHP/Cake/Model/Datasource/DboSource.php(665): DboSource->execute('SELECT `Message...', Array, Array)
#3 /vagrant/composer/Vendor/pear-pear.cakephp.org/CakePHP/Cake/Model/Datasource/DboSource.php(1077): DboSource->fetchAll('SELECT `Message...', false)
#4 /vagrant/composer/Vendor/pear-pear.cakephp.org/CakePHP/Cake/Model/Model.php(2900): DboSource->read(Object(Message), Array)
#5 /vagrant/composer/Vendor/pear-pear.cakephp.org/CakePHP/Cake/Model/Model.php(2872): Model->_readDataSource('all', Array)
#6 /var/www/html/CakeChat/Model/Message.php(8): Model->find('all', Array)
#7 /var/www/html/CakeChat/Controller/MessagesController.php(16): Message->getMessagesForThread('3')
#8 [internal function]: MessagesController->add('3', 'fsdfsdf')
#9 /vagrant/composer/Vendor/pear-pear.cakephp.org/CakePHP/Cake/Controller/Controller.php(490): ReflectionMethod->invokeArgs(Object(MessagesController), Array)
#10 /vagrant/composer/Vendor/pear-pear.cakephp.org/CakePHP/Cake/Routing/Dispatcher.php(185): Controller->invokeAction(Object(CakeRequest))
#11 /vagrant/composer/Vendor/pear-pear.cakephp.org/CakePHP/Cake/Routing/Dispatcher.php(160): Dispatcher->_invoke(Object(MessagesController), Object(CakeRequest), Object(CakeResponse))
#12 /var/www/html/CakeChat/webroot/index.php(99): Dispatcher->dispatch(Object(CakeRequest), Object(CakeResponse))
#13 {main}
2014-01-03 19:28:04 Error: [PDOException] SQLSTATE[42000]: Syntax error or access violation: 1064 You have an error in your SQL syntax; check the manual that corresponds to your MySQL server version for the right syntax to use near 'ASC' at line 2
Request URL: /CakeChat/messages/add/3
Stack Trace:
#0 /vagrant/composer/Vendor/pear-pear.cakephp.org/CakePHP/Cake/Model/Datasource/DboSource.php(458): PDOStatement->execute(Array)
#1 /vagrant/composer/Vendor/pear-pear.cakephp.org/CakePHP/Cake/Model/Datasource/DboSource.php(424): DboSource->_execute('SELECT `Message...', Array)
#2 /vagrant/composer/Vendor/pear-pear.cakephp.org/CakePHP/Cake/Model/Datasource/DboSource.php(665): DboSource->execute('SELECT `Message...', Array, Array)
#3 /vagrant/composer/Vendor/pear-pear.cakephp.org/CakePHP/Cake/Model/Datasource/DboSource.php(1077): DboSource->fetchAll('SELECT `Message...', false)
#4 /vagrant/composer/Vendor/pear-pear.cakephp.org/CakePHP/Cake/Model/Model.php(2900): DboSource->read(Object(Message), Array)
#5 /vagrant/composer/Vendor/pear-pear.cakephp.org/CakePHP/Cake/Model/Model.php(2872): Model->_readDataSource('all', Array)
#6 /var/www/html/CakeChat/Model/Message.php(8): Model->find('all', Array)
#7 /var/www/html/CakeChat/Controller/MessagesController.php(16): Message->getMessagesForThread('3')
#8 [internal function]: MessagesController->add('3')
#9 /vagrant/composer/Vendor/pear-pear.cakephp.org/CakePHP/Cake/Controller/Controller.php(490): ReflectionMethod->invokeArgs(Object(MessagesController), Array)
#10 /vagrant/composer/Vendor/pear-pear.cakephp.org/CakePHP/Cake/Routing/Dispatcher.php(185): Controller->invokeAction(Object(CakeRequest))
#11 /vagrant/composer/Vendor/pear-pear.cakephp.org/CakePHP/Cake/Routing/Dispatcher.php(160): Dispatcher->_invoke(Object(MessagesController), Object(CakeRequest), Object(CakeResponse))
#12 /var/www/html/CakeChat/webroot/index.php(99): Dispatcher->dispatch(Object(CakeRequest), Object(CakeResponse))
#13 {main}
2014-01-03 19:28:04 Error: [PDOException] SQLSTATE[42000]: Syntax error or access violation: 1064 You have an error in your SQL syntax; check the manual that corresponds to your MySQL server version for the right syntax to use near 'ASC' at line 2
Request URL: /CakeChat/messages/add/3/fsdfsdf
Stack Trace:
#0 /vagrant/composer/Vendor/pear-pear.cakephp.org/CakePHP/Cake/Model/Datasource/DboSource.php(458): PDOStatement->execute(Array)
#1 /vagrant/composer/Vendor/pear-pear.cakephp.org/CakePHP/Cake/Model/Datasource/DboSource.php(424): DboSource->_execute('SELECT `Message...', Array)
#2 /vagrant/composer/Vendor/pear-pear.cakephp.org/CakePHP/Cake/Model/Datasource/DboSource.php(665): DboSource->execute('SELECT `Message...', Array, Array)
#3 /vagrant/composer/Vendor/pear-pear.cakephp.org/CakePHP/Cake/Model/Datasource/DboSource.php(1077): DboSource->fetchAll('SELECT `Message...', false)
#4 /vagrant/composer/Vendor/pear-pear.cakephp.org/CakePHP/Cake/Model/Model.php(2900): DboSource->read(Object(Message), Array)
#5 /vagrant/composer/Vendor/pear-pear.cakephp.org/CakePHP/Cake/Model/Model.php(2872): Model->_readDataSource('all', Array)
#6 /var/www/html/CakeChat/Model/Message.php(8): Model->find('all', Array)
#7 /var/www/html/CakeChat/Controller/MessagesController.php(16): Message->getMessagesForThread('3')
#8 [internal function]: MessagesController->add('3', 'fsdfsdf')
#9 /vagrant/composer/Vendor/pear-pear.cakephp.org/CakePHP/Cake/Controller/Controller.php(490): ReflectionMethod->invokeArgs(Object(MessagesController), Array)
#10 /vagrant/composer/Vendor/pear-pear.cakephp.org/CakePHP/Cake/Routing/Dispatcher.php(185): Controller->invokeAction(Object(CakeRequest))
#11 /vagrant/composer/Vendor/pear-pear.cakephp.org/CakePHP/Cake/Routing/Dispatcher.php(160): Dispatcher->_invoke(Object(MessagesController), Object(CakeRequest), Object(CakeResponse))
#12 /var/www/html/CakeChat/webroot/index.php(99): Dispatcher->dispatch(Object(CakeRequest), Object(CakeResponse))
#13 {main}
2014-01-03 19:28:04 Error: [PDOException] SQLSTATE[42000]: Syntax error or access violation: 1064 You have an error in your SQL syntax; check the manual that corresponds to your MySQL server version for the right syntax to use near 'ASC' at line 2
Request URL: /CakeChat/messages/add
Stack Trace:
#0 /vagrant/composer/Vendor/pear-pear.cakephp.org/CakePHP/Cake/Model/Datasource/DboSource.php(458): PDOStatement->execute(Array)
#1 /vagrant/composer/Vendor/pear-pear.cakephp.org/CakePHP/Cake/Model/Datasource/DboSource.php(424): DboSource->_execute('SELECT `Message...', Array)
#2 /vagrant/composer/Vendor/pear-pear.cakephp.org/CakePHP/Cake/Model/Datasource/DboSource.php(665): DboSource->execute('SELECT `Message...', Array, Array)
#3 /vagrant/composer/Vendor/pear-pear.cakephp.org/CakePHP/Cake/Model/Datasource/DboSource.php(1077): DboSource->fetchAll('SELECT `Message...', false)
#4 /vagrant/composer/Vendor/pear-pear.cakephp.org/CakePHP/Cake/Model/Model.php(2900): DboSource->read(Object(Message), Array)
#5 /vagrant/composer/Vendor/pear-pear.cakephp.org/CakePHP/Cake/Model/Model.php(2872): Model->_readDataSource('all', Array)
#6 /var/www/html/CakeChat/Model/Message.php(8): Model->find('all', Array)
#7 /var/www/html/CakeChat/Controller/MessagesController.php(16): Message->getMessagesForThread(NULL)
#8 [internal function]: MessagesController->add()
#9 /vagrant/composer/Vendor/pear-pear.cakephp.org/CakePHP/Cake/Controller/Controller.php(490): ReflectionMethod->invokeArgs(Object(MessagesController), Array)
#10 /vagrant/composer/Vendor/pear-pear.cakephp.org/CakePHP/Cake/Routing/Dispatcher.php(185): Controller->invokeAction(Object(CakeRequest))
#11 /vagrant/composer/Vendor/pear-pear.cakephp.org/CakePHP/Cake/Routing/Dispatcher.php(160): Dispatcher->_invoke(Object(MessagesController), Object(CakeRequest), Object(CakeResponse))
#12 /var/www/html/CakeChat/webroot/index.php(99): Dispatcher->dispatch(Object(CakeRequest), Object(CakeResponse))
#13 {main}
2014-01-03 19:28:04 Error: [PDOException] SQLSTATE[42000]: Syntax error or access violation: 1064 You have an error in your SQL syntax; check the manual that corresponds to your MySQL server version for the right syntax to use near 'ASC' at line 2
Request URL: /CakeChat/messages/add/3/fsdfsdf
Stack Trace:
#0 /vagrant/composer/Vendor/pear-pear.cakephp.org/CakePHP/Cake/Model/Datasource/DboSource.php(458): PDOStatement->execute(Array)
#1 /vagrant/composer/Vendor/pear-pear.cakephp.org/CakePHP/Cake/Model/Datasource/DboSource.php(424): DboSource->_execute('SELECT `Message...', Array)
#2 /vagrant/composer/Vendor/pear-pear.cakephp.org/CakePHP/Cake/Model/Datasource/DboSource.php(665): DboSource->execute('SELECT `Message...', Array, Array)
#3 /vagrant/composer/Vendor/pear-pear.cakephp.org/CakePHP/Cake/Model/Datasource/DboSource.php(1077): DboSource->fetchAll('SELECT `Message...', false)
#4 /vagrant/composer/Vendor/pear-pear.cakephp.org/CakePHP/Cake/Model/Model.php(2900): DboSource->read(Object(Message), Array)
#5 /vagrant/composer/Vendor/pear-pear.cakephp.org/CakePHP/Cake/Model/Model.php(2872): Model->_readDataSource('all', Array)
#6 /var/www/html/CakeChat/Model/Message.php(8): Model->find('all', Array)
#7 /var/www/html/CakeChat/Controller/MessagesController.php(16): Message->getMessagesForThread('3')
#8 [internal function]: MessagesController->add('3', 'fsdfsdf')
#9 /vagrant/composer/Vendor/pear-pear.cakephp.org/CakePHP/Cake/Controller/Controller.php(490): ReflectionMethod->invokeArgs(Object(MessagesController), Array)
#10 /vagrant/composer/Vendor/pear-pear.cakephp.org/CakePHP/Cake/Routing/Dispatcher.php(185): Controller->invokeAction(Object(CakeRequest))
#11 /vagrant/composer/Vendor/pear-pear.cakephp.org/CakePHP/Cake/Routing/Dispatcher.php(160): Dispatcher->_invoke(Object(MessagesController), Object(CakeRequest), Object(CakeResponse))
#12 /var/www/html/CakeChat/webroot/index.php(99): Dispatcher->dispatch(Object(CakeRequest), Object(CakeResponse))
#13 {main}
2014-01-03 19:28:10 Error: [PDOException] SQLSTATE[42000]: Syntax error or access violation: 1064 You have an error in your SQL syntax; check the manual that corresponds to your MySQL server version for the right syntax to use near 'ASC' at line 2
Request URL: /CakeChat/messages/add/4/cong%20hoa%20xa%20hoi%20chu%20nghia%20Viet%20Nam
Stack Trace:
#0 /vagrant/composer/Vendor/pear-pear.cakephp.org/CakePHP/Cake/Model/Datasource/DboSource.php(458): PDOStatement->execute(Array)
#1 /vagrant/composer/Vendor/pear-pear.cakephp.org/CakePHP/Cake/Model/Datasource/DboSource.php(424): DboSource->_execute('SELECT `Message...', Array)
#2 /vagrant/composer/Vendor/pear-pear.cakephp.org/CakePHP/Cake/Model/Datasource/DboSource.php(665): DboSource->execute('SELECT `Message...', Array, Array)
#3 /vagrant/composer/Vendor/pear-pear.cakephp.org/CakePHP/Cake/Model/Datasource/DboSource.php(1077): DboSource->fetchAll('SELECT `Message...', false)
#4 /vagrant/composer/Vendor/pear-pear.cakephp.org/CakePHP/Cake/Model/Model.php(2900): DboSource->read(Object(Message), Array)
#5 /vagrant/composer/Vendor/pear-pear.cakephp.org/CakePHP/Cake/Model/Model.php(2872): Model->_readDataSource('all', Array)
#6 /var/www/html/CakeChat/Model/Message.php(8): Model->find('all', Array)
#7 /var/www/html/CakeChat/Controller/MessagesController.php(16): Message->getMessagesForThread('4')
#8 [internal function]: MessagesController->add('4', 'cong hoa xa hoi...')
#9 /vagrant/composer/Vendor/pear-pear.cakephp.org/CakePHP/Cake/Controller/Controller.php(490): ReflectionMethod->invokeArgs(Object(MessagesController), Array)
#10 /vagrant/composer/Vendor/pear-pear.cakephp.org/CakePHP/Cake/Routing/Dispatcher.php(185): Controller->invokeAction(Object(CakeRequest))
#11 /vagrant/composer/Vendor/pear-pear.cakephp.org/CakePHP/Cake/Routing/Dispatcher.php(160): Dispatcher->_invoke(Object(MessagesController), Object(CakeRequest), Object(CakeResponse))
#12 /var/www/html/CakeChat/webroot/index.php(99): Dispatcher->dispatch(Object(CakeRequest), Object(CakeResponse))
#13 {main}
